0 info it worked if it ends with ok
1 verbose cli [ 'C:\\Program Files\\nodejs\\node.exe',
1 verbose cli   'C:\\Users\\Andy\\AppData\\Roaming\\npm\\node_modules\\npm\\bin\\npm-cli.js',
1 verbose cli   'run',
1 verbose cli   'test' ]
2 info using npm@3.10.3
3 info using node@v6.3.0
4 verbose run-script [ 'pretest', 'test', 'posttest' ]
5 info lifecycle recurring-date@0.0.3~pretest: recurring-date@0.0.3
6 silly lifecycle recurring-date@0.0.3~pretest: no script for pretest, continuing
7 info lifecycle recurring-date@0.0.3~test: recurring-date@0.0.3
8 verbose lifecycle recurring-date@0.0.3~test: unsafe-perm in lifecycle true
9 verbose lifecycle recurring-date@0.0.3~test: PATH: C:\Users\Andy\AppData\Roaming\npm\node_modules\npm\bin\node-gyp-bin;C:\Users\Andy\Creative Cloud Files\Startegy\libraries\recurring-date\node_modules\.bin;C:\Program Files\nodejs;C:\Python27;C:\Python27\Scripts;C:\Python27\DLLs;C:\ProgramData\Oracle\Java\javapath;C:\john\run;C:\Program Files (x86)\Lenovo\FusionEngine;C:\Program Files (x86)\Intel\iCLS Client\;C:\Program Files\Intel\iCLS Client\;C:\WINDOWS\system32;C:\WINDOWS;C:\WINDOWS\System32\Wbem;C:\WINDOWS\System32\WindowsPowerShell\v1.0\;C:\Program Files\Intel\Intel(R) Management Engine Components\DAL;C:\Program Files (x86)\Intel\Intel(R) Management Engine Components\DAL;C:\Program Files\Intel\Intel(R) Management Engine Components\IPT;C:\Program Files (x86)\Intel\Intel(R) Management Engine Components\IPT;C:\Program Files (x86)\Lenovo\Motion Control\;C:\Program Files\Microsoft SQL Server\110\Tools\Binn\;C:\Program Files (x86)\Microsoft SDKs\TypeScript\1.0\;C:\Program Files\Microsoft SQL Server\120\Tools\Binn\;C:\Program Files (x86)\PharosSystems\Core;C:\Users\Andy\Documents\apache-ant-1.9.5\bin;C:\Program Files (x86)\NVIDIA Corporation\PhysX\Common;C:\cygwin\bin;C:\Program Files\Common Files\Autodesk Shared\;C:\Program Files (x86)\Windows Kits\10\Windows Performance Toolkit\;C:\Program Files (x86)\Skype\Phone\;C:\Program Files (x86)\Java\jdk1.8.0_51\bin;C:\Program Files (x86)\MiKTeX 2.9\miktex\bin\;C:\Program Files\Racket;C:\Program Files (x86)\Windows Live\Shared;C:\Users\Andy\AppData\Roaming\Python\Scripts;C:\Program Files (x86)\Google\Chrome\Application;C:\Program Files\Git\cmd;C:\Program Files\nodejs\;C:\WINDOWS\system32;C:\WINDOWS;C:\WINDOWS\System32\Wbem;C:\WINDOWS\System32\WindowsPowerShell\v1.0\;C:\Program Files\erl8.0\bin;C:\Program Files (x86)\Elixir\bin;C:\WINDOWS\system32\config\systemprofile\.mix\escripts;C:\Program Files\MongoDB\Server\3.2\bin;C:\Program Files (x86)\Heroku\bin;C:\Program Files (x86)\git\cmd;C:\Program Files (x86)\Git\cmd;C:\Ruby23\bin;C:\Python27;C:\Python27\Scripts;C:\Python27\DLLs;C:\ProgramData\Oracle\Java\javapath;C:\john\run;C:\Program Files (x86)\Lenovo\FusionEngine;C:\Program Files (x86)\Intel\iCLS Client\;C:\Program Files\Intel\iCLS Client\;C:\WINDOWS\system32;C:\WINDOWS;C:\WINDOWS\System32\Wbem;C:\WINDOWS\System32\WindowsPowerShell\v1.0\;C:\Program Files\Intel\Intel(R) Management Engine Components\DAL;C:\Program Files (x86)\Intel\Intel(R) Management Engine Components\DAL;C:\Program Files\Intel\Intel(R) Management Engine Components\IPT;C:\Program Files (x86)\Intel\Intel(R) Management Engine Components\IPT;C:\Program Files (x86)\Lenovo\Motion Control\;C:\Program Files\Microsoft SQL Server\110\Tools\Binn\;C:\Program Files (x86)\Microsoft SDKs\TypeScript\1.0\;C:\Program Files\Microsoft SQL Server\120\Tools\Binn\;C:\Program Files (x86)\PharosSystems\Core;C:\Users\Andy\Documents\apache-ant-1.9.5\bin;C:\Program Files (x86)\NVIDIA Corporation\PhysX\Common;C:\cygwin\bin;C:\Program Files\Common Files\Autodesk Shared\;C:\Program Files (x86)\Windows Kits\10\Windows Performance Toolkit\;C:\Program Files (x86)\Skype\Phone\;C:\Program Files (x86)\Java\jdk1.8.0_51\bin;C:\Program Files (x86)\MiKTeX 2.9\miktex\bin\;C:\Program Files\Racket;C:\Program Files (x86)\Windows Live\Shared;C:\Users\Andy\AppData\Roaming\Python\Scripts;"C:\Program Files (x86)\Google\Chrome\Application";C:\Program Files\Git\cmd;C:\Program Files\nodejs\;C:\phantomjs;C:\Users\Andy\AppData\Roaming\npm;C:\Program Files (x86)\Microsoft VS Code\bin;C:\Users\Andy\AppData\Local\Microsoft\WindowsApps;;C:\Users\Andy\.lein\bin
10 verbose lifecycle recurring-date@0.0.3~test: CWD: C:\Users\Andy\Creative Cloud Files\Startegy\libraries\recurring-date
11 silly lifecycle recurring-date@0.0.3~test: Args: [ '/d /s /c', 'mocha --reporter spec' ]
12 silly lifecycle recurring-date@0.0.3~test: Returned: code: 1  signal: null
13 info lifecycle recurring-date@0.0.3~test: Failed to exec test script
14 verbose stack Error: recurring-date@0.0.3 test: `mocha --reporter spec`
14 verbose stack Exit status 1
14 verbose stack     at EventEmitter.<anonymous> (C:\Users\Andy\AppData\Roaming\npm\node_modules\npm\lib\utils\lifecycle.js:242:16)
14 verbose stack     at emitTwo (events.js:106:13)
14 verbose stack     at EventEmitter.emit (events.js:191:7)
14 verbose stack     at ChildProcess.<anonymous> (C:\Users\Andy\AppData\Roaming\npm\node_modules\npm\lib\utils\spawn.js:40:14)
14 verbose stack     at emitTwo (events.js:106:13)
14 verbose stack     at ChildProcess.emit (events.js:191:7)
14 verbose stack     at maybeClose (internal/child_process.js:852:16)
14 verbose stack     at Process.ChildProcess._handle.onexit (internal/child_process.js:215:5)
15 verbose pkgid recurring-date@0.0.3
16 verbose cwd C:\Users\Andy\Creative Cloud Files\Startegy\libraries\recurring-date
17 error Windows_NT 10.0.14393
18 error argv "C:\\Program Files\\nodejs\\node.exe" "C:\\Users\\Andy\\AppData\\Roaming\\npm\\node_modules\\npm\\bin\\npm-cli.js" "run" "test"
19 error node v6.3.0
20 error npm  v3.10.3
21 error code ELIFECYCLE
22 error recurring-date@0.0.3 test: `mocha --reporter spec`
22 error Exit status 1
23 error Failed at the recurring-date@0.0.3 test script 'mocha --reporter spec'.
23 error Make sure you have the latest version of node.js and npm installed.
23 error If you do, this is most likely a problem with the recurring-date package,
23 error not with npm itself.
23 error Tell the author that this fails on your system:
23 error     mocha --reporter spec
23 error You can get information on how to open an issue for this project with:
23 error     npm bugs recurring-date
23 error Or if that isn't available, you can get their info via:
23 error     npm owner ls recurring-date
23 error There is likely additional logging output above.
24 verbose exit [ 1, true ]
